<?xml version="1.0" encoding="UTF-8"?>
<!-- Generated by org.testng.reporters.JUnitXMLReporter -->
<testsuite ignored="3" hostname="DESKTOP-67JQB34" failures="0" tests="1" name="grouping" time="64.429" errors="0" timestamp="2024-12-19T11:45:37 IST">
  <testcase classname="testscript.LoginPage_Test" name="UserAbleToLoginWithCorrectCredentials" time="1.529"/>
  <testcase classname="testscript.LoginPage_Test" name="UserAbleToLoginWithCorrectUsernameIncorretPassword" time="0.0">
    <ignored/>
  </testcase> <!-- UserAbleToLoginWithCorrectUsernameIncorretPassword -->
  <testcase classname="testscript.LoginPage_Test" name="UserAbleToLoginWithInCorrectUsernameCorretPassword" time="0.0">
    <ignored/>
  </testcase> <!-- UserAbleToLoginWithInCorrectUsernameCorretPassword -->
  <testcase classname="testscript.LoginPage_Test" name="UserAbleToLoginWithInCorrectUsernameIncorretPassword" time="0.0">
    <ignored/>
  </testcase> <!-- UserAbleToLoginWithInCorrectUsernameIncorretPassword -->
</testsuite> <!-- grouping -->
