<?xml version="1.0" encoding="UTF-8"?>
<testng-results ignored="0" total="1" passed="1" failed="0" skipped="0">
  <reporter-output>
  </reporter-output>
  <suite started-at="2024-12-05T19:18:37 IST" name="Default suite" finished-at="2024-12-05T19:19:20 IST" duration-ms="43593">
    <groups>
    </groups>
    <test started-at="2024-12-05T19:18:37 IST" name="Default test" finished-at="2024-12-05T19:19:20 IST" duration-ms="43593">
      <class name="testscript.ManageCategory_Test">
        <test-method is-config="true" signature="beforeMethod()[pri:0, instance:testscript.ManageCategory_Test@4efbca5a]" started-at="2024-12-05T19:18:37 IST" name="beforeMethod" finished-at="2024-12-05T19:18:57 IST" duration-ms="20040" status="PASS">
          <reporter-output>
          </reporter-output>
        </test-method> <!-- beforeMethod -->
        <test-method signature="userAbleTomanageCategory()[pri:0, instance:testscript.ManageCategory_Test@4efbca5a]" started-at="2024-12-05T19:18:57 IST" name="userAbleTomanageCategory" finished-at="2024-12-05T19:19:20 IST" duration-ms="23533" status="PASS">
          <reporter-output>
          </reporter-output>
        </test-method> <!-- userAbleTomanageCategory -->
        <test-method is-config="true" signature="afterMethod()[pri:0, instance:testscript.ManageCategory_Test@4efbca5a]" started-at="2024-12-05T19:19:20 IST" name="afterMethod" finished-at="2024-12-05T19:19:20 IST" duration-ms="0" status="PASS">
          <reporter-output>
          </reporter-output>
        </test-method> <!-- afterMethod -->
      </class> <!-- testscript.ManageCategory_Test -->
    </test> <!-- Default test -->
  </suite> <!-- Default suite -->
</testng-results>
